<?xml version="1.0" encoding="UTF-8"?>
<testsuite name="Matrix" tests="4" skipped="0" failures="0" errors="0" timestamp="2021-03-28T08:58:36" hostname="DESKTOP-3G5POS7" time="1.362">
  <properties/>
  <testcase name="Determinant" classname="Matrix" time="1.279"/>
  <testcase name="Transpose" classname="Matrix" time="0.028"/>
  <testcase name="Inverse" classname="Matrix" time="0.031"/>
  <testcase name="Cofactor" classname="Matrix" time="0.02"/>
  <system-out><![CDATA[]]></system-out>
  <system-err><![CDATA[]]></system-err>
</testsuite>
