<?xml version="1.0" encoding="UTF-8"?>
<testsuite name="Matrix" tests="4" skipped="0" failures="0" errors="0" timestamp="2021-02-08T13:23:36" hostname="LAPTOP-QV2I5QRR" time="0.587">
  <properties/>
  <testcase name="Determinant" classname="Matrix" time="0.576"/>
  <testcase name="Transpose" classname="Matrix" time="0.005"/>
  <testcase name="Inverse" classname="Matrix" time="0.002"/>
  <testcase name="Cofactor" classname="Matrix" time="0.003"/>
  <system-out><![CDATA[]]></system-out>
  <system-err><![CDATA[]]></system-err>
</testsuite>
